08-Nov-2024 16:10:50.272 INFO [main] org.apache.catalina.startup.VersionLoggerListener.log 서버 버전 이름:    Apache Tomcat/11.0.0
08-Nov-2024 16:10:50.275 INFO [main] org.apache.catalina.startup.VersionLoggerListener.log Server 빌드 시각:  Oct 3 2024 17:00:16 UTC
08-Nov-2024 16:10:50.275 INFO [main] org.apache.catalina.startup.VersionLoggerListener.log Server 버전 번호:  11.0.0.0
08-Nov-2024 16:10:50.275 INFO [main] org.apache.catalina.startup.VersionLoggerListener.log 운영체제 이름:     Windows 10
08-Nov-2024 16:10:50.275 INFO [main] org.apache.catalina.startup.VersionLoggerListener.log 운영체제 버전:     10.0
08-Nov-2024 16:10:50.275 INFO [main] org.apache.catalina.startup.VersionLoggerListener.log 아키텍처:          amd64
08-Nov-2024 16:10:50.276 INFO [main] org.apache.catalina.startup.VersionLoggerListener.log 자바 홈:           D:\openjdk
08-Nov-2024 16:10:50.276 INFO [main] org.apache.catalina.startup.VersionLoggerListener.log JVM 버전:          17.0.8+9-LTS-211
08-Nov-2024 16:10:50.276 INFO [main] org.apache.catalina.startup.VersionLoggerListener.log JVM 벤더:          Oracle Corporation
08-Nov-2024 16:10:50.276 INFO [main] org.apache.catalina.startup.VersionLoggerListener.log CATALINA_BASE:     D:\java\tomcat
08-Nov-2024 16:10:50.276 INFO [main] org.apache.catalina.startup.VersionLoggerListener.log CATALINA_HOME:     D:\java\tomcat
08-Nov-2024 16:10:50.288 INFO [main] org.apache.catalina.startup.VersionLoggerListener.log 명령 행 아규먼트:  -Djava.util.logging.config.file=d:\java\tomcat/conf/logging.properties
08-Nov-2024 16:10:50.288 INFO [main] org.apache.catalina.startup.VersionLoggerListener.log 명령 행 아규먼트:  -Djava.util.logging.manager=org.apache.juli.ClassLoaderLogManager
08-Nov-2024 16:10:50.288 INFO [main] org.apache.catalina.startup.VersionLoggerListener.log 명령 행 아규먼트:  -Djdk.tls.ephemeralDHKeySize=2048
08-Nov-2024 16:10:50.288 INFO [main] org.apache.catalina.startup.VersionLoggerListener.log 명령 행 아규먼트:  -Djava.protocol.handler.pkgs=org.apache.catalina.webresources
08-Nov-2024 16:10:50.288 INFO [main] org.apache.catalina.startup.VersionLoggerListener.log 명령 행 아규먼트:  -Dorg.apache.catalina.security.SecurityListener.UMASK=0027
08-Nov-2024 16:10:50.288 INFO [main] org.apache.catalina.startup.VersionLoggerListener.log 명령 행 아규먼트:  -Dcatalina.base=d:\java\tomcat
08-Nov-2024 16:10:50.289 INFO [main] org.apache.catalina.startup.VersionLoggerListener.log 명령 행 아규먼트:  -Dcatalina.home=d:\java\tomcat
08-Nov-2024 16:10:50.289 INFO [main] org.apache.catalina.startup.VersionLoggerListener.log 명령 행 아규먼트:  -Djava.io.tmpdir=d:\java\tomcat/temp
08-Nov-2024 16:10:50.292 INFO [main] org.apache.catalina.core.AprLifecycleListener.lifecycleEvent APR 버전 [1.7.4]을(를) 사용한, APR 기반 Apache Tomcat Native 라이브러리 [2.0.8]을(를) 로드했습니다.
08-Nov-2024 16:10:50.300 INFO [main] org.apache.catalina.core.AprLifecycleListener.initializeSSL OpenSSL이 성공적으로 초기화되었습니다: [OpenSSL 3.0.14 4 Jun 2024]
08-Nov-2024 16:10:50.534 INFO [main] org.apache.coyote.AbstractProtocol.init 프로토콜 핸들러 ["http-nio-8080"]을(를) 초기화합니다.
08-Nov-2024 16:10:50.561 INFO [main] org.apache.catalina.startup.Catalina.load [521] 밀리초 내에 서버가 초기화되었습니다.
08-Nov-2024 16:10:50.607 INFO [main] org.apache.catalina.core.StandardService.startInternal 서비스 [Catalina]을(를) 시작합니다.
08-Nov-2024 16:10:50.607 INFO [main] org.apache.catalina.core.StandardEngine.startInternal 서버 엔진을 시작합니다: [Apache Tomcat/11.0.0]
08-Nov-2024 16:10:51.011 INFO [main] org.apache.catalina.startup.HostConfig.deployDirectory 웹 애플리케이션 디렉토리 [D:\java\tomcat\webapps\docs]을(를) 배치합니다.
08-Nov-2024 16:10:51.060 INFO [main] org.apache.catalina.startup.HostConfig.deployDirectory 웹 애플리케이션 디렉토리 [D:\java\tomcat\webapps\docs]에 대한 배치가 [48] 밀리초에 완료되었습니다.
08-Nov-2024 16:10:51.060 INFO [main] org.apache.catalina.startup.HostConfig.deployDirectory 웹 애플리케이션 디렉토리 [D:\java\tomcat\webapps\examples]을(를) 배치합니다.
08-Nov-2024 16:10:51.538 INFO [main] org.apache.catalina.startup.HostConfig.deployDirectory 웹 애플리케이션 디렉토리 [D:\java\tomcat\webapps\examples]에 대한 배치가 [478] 밀리초에 완료되었습니다.
08-Nov-2024 16:10:51.538 INFO [main] org.apache.catalina.startup.HostConfig.deployDirectory 웹 애플리케이션 디렉토리 [D:\java\tomcat\webapps\host-manager]을(를) 배치합니다.
08-Nov-2024 16:10:51.582 INFO [main] org.apache.catalina.startup.HostConfig.deployDirectory 웹 애플리케이션 디렉토리 [D:\java\tomcat\webapps\host-manager]에 대한 배치가 [43] 밀리초에 완료되었습니다.
08-Nov-2024 16:10:51.582 INFO [main] org.apache.catalina.startup.HostConfig.deployDirectory 웹 애플리케이션 디렉토리 [D:\java\tomcat\webapps\java_open_api]을(를) 배치합니다.
08-Nov-2024 16:10:51.607 INFO [main] org.apache.catalina.startup.HostConfig.deployDirectory 웹 애플리케이션 디렉토리 [D:\java\tomcat\webapps\java_open_api]에 대한 배치가 [25] 밀리초에 완료되었습니다.
08-Nov-2024 16:10:51.607 INFO [main] org.apache.catalina.startup.HostConfig.deployDirectory 웹 애플리케이션 디렉토리 [D:\java\tomcat\webapps\manager]을(를) 배치합니다.
08-Nov-2024 16:10:51.647 INFO [main] org.apache.catalina.startup.HostConfig.deployDirectory 웹 애플리케이션 디렉토리 [D:\java\tomcat\webapps\manager]에 대한 배치가 [40] 밀리초에 완료되었습니다.
08-Nov-2024 16:10:51.648 INFO [main] org.apache.catalina.startup.HostConfig.deployDirectory 웹 애플리케이션 디렉토리 [D:\java\tomcat\webapps\ROOT]을(를) 배치합니다.
08-Nov-2024 16:10:51.674 INFO [main] org.apache.catalina.startup.HostConfig.deployDirectory 웹 애플리케이션 디렉토리 [D:\java\tomcat\webapps\ROOT]에 대한 배치가 [25] 밀리초에 완료되었습니다.
08-Nov-2024 16:10:51.683 INFO [main] org.apache.coyote.AbstractProtocol.start 프로토콜 핸들러 ["http-nio-8080"]을(를) 시작합니다.
08-Nov-2024 16:10:51.774 INFO [main] org.apache.catalina.startup.Catalina.start 서버가 [1212] 밀리초 내에 시작되었습니다.
